<?xml version="1.0" encoding="UTF-8"?>
<!-- Generated by org.testng.reporters.JUnitReportReporter -->
<testsuite hostname="clavis14" failures="0" tests="1" name="Testng.TestAssertion" time="0.013" errors="0" timestamp="2024-02-22T13:01:44 IST" skipped="0">
  <testcase classname="Testng.TestAssertion" name="testPrintMessage" time="0.013"/>
  <system-out/>
</testsuite> <!-- Testng.TestAssertion -->
