<?xml version="1.0" encoding="UTF-8"?>
<!-- Generated by org.testng.reporters.JUnitReportReporter -->
<testsuite hostname="clavis14" failures="0" tests="1" name="practiceproject.LunchBrows" time="3.265" errors="0" timestamp="2024-02-27T12:03:23 IST" skipped="0">
  <testcase classname="practiceproject.LunchBrows" name="openBrowse" time="3.265"/>
  <system-out/>
</testsuite> <!-- practiceproject.LunchBrows -->
