<?xml version="1.0" encoding="UTF-8"?>
<!-- Generated by org.testng.reporters.JUnitReportReporter -->
<testsuite hostname="clavis14" failures="0" tests="3" name="practiceproject.TestCase13" time="44.266" errors="0" timestamp="2024-03-01T17:57:55 IST" skipped="0">
  <testcase classname="practiceproject.TestCase13" name="clickView" time="18.670"/>
  <system-out/>
  <testcase classname="practiceproject.TestCase13" name="verifyViewPage" time="10.059"/>
  <system-out/>
  <testcase classname="practiceproject.TestCase13" name="addQuantity" time="15.537"/>
  <system-out/>
</testsuite> <!-- practiceproject.TestCase13 -->
