<?xml version="1.0" encoding="UTF-8"?>
<!-- Generated by org.testng.reporters.JUnitReportReporter -->
<testsuite hostname="clavis14" failures="0" tests="1" name="testcase.BrowserTest" time="17.244" errors="0" timestamp="2024-02-20T16:13:30 IST" skipped="0">
  <testcase classname="testcase.BrowserTest" name="allLinks" time="17.244"/>
  <system-out/>
</testsuite> <!-- testcase.BrowserTest -->
