<?xml version="1.0" encoding="UTF-8"?>
<!-- Generated by org.testng.reporters.JUnitReportReporter -->
<testsuite hostname="clavis14" failures="0" tests="3" name="practiceproject.TestCase11" time="33.906" errors="0" timestamp="2024-03-01T10:19:56 IST" skipped="0">
  <testcase classname="practiceproject.TestCase11" name="nowVerify" time="10.084"/>
  <system-out/>
  <testcase classname="practiceproject.TestCase11" name="clickCartPAge" time="13.726"/>
  <system-out/>
  <testcase classname="practiceproject.TestCase11" name="subscriptionCart" time="10.096"/>
  <system-out/>
</testsuite> <!-- practiceproject.TestCase11 -->
