<?xml version="1.0" encoding="UTF-8"?>
<!-- Generated by org.testng.reporters.JUnitReportReporter -->
<testsuite hostname="clavis14" failures="0" tests="3" name="practiceproject.ClickSignup" time="54.859" errors="0" timestamp="2024-02-29T17:46:47 IST" skipped="0">
  <testcase classname="practiceproject.ClickSignup" name="productPage" time="17.341"/>
  <system-out/>
  <testcase classname="practiceproject.ClickSignup" name="productListVerify" time="10.115"/>
  <system-out/>
  <testcase classname="practiceproject.ClickSignup" name="productSearch" time="27.403"/>
  <system-out/>
</testsuite> <!-- practiceproject.ClickSignup -->
