<?xml version="1.0" encoding="UTF-8"?>
<!-- Generated by org.testng.reporters.JUnitReportReporter -->
<testsuite hostname="clavis14" failures="0" tests="7" name="practiceproject.TestCase12" time="74.860" errors="0" timestamp="2024-03-01T15:40:16 IST" skipped="0">
  <testcase classname="practiceproject.TestCase12" name="productPage" time="10.677"/>
  <system-out/>
  <testcase classname="practiceproject.TestCase12" name="clickAddCart" time="10.724"/>
  <system-out/>
  <testcase classname="practiceproject.TestCase12" name="clickShopingBtn" time="10.147"/>
  <system-out/>
  <testcase classname="practiceproject.TestCase12" name="clickAddOtherCart" time="15.302"/>
  <system-out/>
  <testcase classname="practiceproject.TestCase12" name="viewCart" time="7.818"/>
  <system-out/>
  <testcase classname="practiceproject.TestCase12" name="countProduct" time="10.082"/>
  <system-out/>
  <testcase classname="practiceproject.TestCase12" name="verifyProduct" time="10.110"/>
  <system-out/>
</testsuite> <!-- practiceproject.TestCase12 -->
