<?xml version="1.0" encoding="UTF-8"?>
<!-- Generated by org.testng.reporters.JUnitReportReporter -->
<testsuite hostname="clavis14" failures="0" tests="2" name="Testng.IgnoreTestAssertion" time="0.016" errors="0" timestamp="2024-02-23T11:50:26 IST" skipped="1">
  <testcase classname="Testng.IgnoreTestAssertion" name="testSubMessage" time="0.016"/>
  <system-out/>
  <testcase classname="Testng.IgnoreTestAssertion" name="testPrintMessage">
    <skipped/>
  </testcase> <!-- testPrintMessage -->
  <system-out/>
</testsuite> <!-- Testng.IgnoreTestAssertion -->
