<?xml version="1.0" encoding="UTF-8"?>
<!-- Generated by org.testng.reporters.JUnitReportReporter -->
<testsuite hostname="clavis14" failures="0" tests="2" name="practiceproject.TestCase10" time="25.248" errors="0" timestamp="2024-03-01T10:02:02 IST" skipped="0">
  <testcase classname="practiceproject.TestCase10" name="nowVerify" time="10.064"/>
  <system-out/>
  <testcase classname="practiceproject.TestCase10" name="subscriptionHome" time="15.184"/>
  <system-out/>
</testsuite> <!-- practiceproject.TestCase10 -->
